<?xml version="1.0" encoding="UTF-8"?>
<!-- Generated by org.testng.reporters.JUnitReportReporter -->
<testsuite hostname="LAPTOP-1481H1EU" failures="0" tests="3" name="SeleniumFramework.LandingDemo" time="37.173" errors="0" timestamp="2023-01-13T11:05:45 IST" skipped="0">
  <testcase classname="SeleniumFramework.LandingDemo" name="Ordersubmit" time="23.752"/>
  <system-out/>
  <testcase classname="SeleniumFramework.LandingDemo" name="Submitpurchase" time="6.997"/>
  <system-out/>
  <testcase classname="SeleniumFramework.LandingDemo" name="Submitpurchase" time="6.424"/>
  <system-out/>
</testsuite> <!-- SeleniumFramework.LandingDemo -->
