<?xml version="1.0" encoding="UTF-8"?>
<!-- Generated by org.testng.reporters.JUnitReportReporter -->
<testsuite hostname="LAPTOP-1481H1EU" failures="0" tests="1" name="SeleniumFramework.resources.ExtentReportNG" time="6.119" errors="0" timestamp="2023-01-04T10:16:11 IST" skipped="0">
  <testcase classname="SeleniumFramework.resources.ExtentReportNG" name="demo" time="6.119"/>
  <system-out/>
</testsuite> <!-- SeleniumFramework.resources.ExtentReportNG -->
