<?xml version="1.0" encoding="UTF-8"?>
<!-- Generated by org.testng.reporters.JUnitReportReporter -->
<testsuite hostname="LAPTOP-1481H1EU" failures="0" tests="3" name="SeleniumFramework.LandingDemo" time="23.454" errors="0" timestamp="2023-01-12T19:28:37 IST" skipped="0">
  <testcase classname="SeleniumFramework.LandingDemo" name="Ordersubmit" time="6.494"/>
  <system-out/>
  <testcase classname="SeleniumFramework.LandingDemo" name="Submitpurchase" time="8.503"/>
  <system-out/>
  <testcase classname="SeleniumFramework.LandingDemo" name="Submitpurchase" time="8.457"/>
  <system-out/>
</testsuite> <!-- SeleniumFramework.LandingDemo -->
